<?xml version="1.0" encoding="UTF-8"?>
<testng-results ignored="2" total="4" passed="1" failed="1" skipped="0">
  <reporter-output>
  </reporter-output>
  <suite started-at="2021-08-21T23:54:54Z" name="Suite" finished-at="2021-08-21T23:55:18Z" duration-ms="23451">
    <groups>
    </groups>
    <test started-at="2021-08-21T23:54:54Z" name="Test" finished-at="2021-08-21T23:55:18Z" duration-ms="23451">
      <class name="example.example.tests.SearchTest">
        <test-method is-config="true" signature="setup()[pri:0, instance:example.example.tests.SearchTest@1530c739]" started-at="2021-08-21T23:55:08Z" name="setup" test-instance-name="URL Validate" finished-at="2021-08-21T23:55:09Z" duration-ms="1465" status="PASS">
          <reporter-output>
          </reporter-output>
        </test-method> <!-- setup -->
        <test-method signature="searchValTest()[pri:0, instance:example.example.tests.SearchTest@1530c739]" started-at="2021-08-21T23:55:09Z" name="searchValTest" description="Validating URL" test-instance-name="URL Validate" finished-at="2021-08-21T23:55:17Z" duration-ms="7658" status="FAIL">
          <exception class="java.lang.AssertionError">
            <message>
              <![CDATA[expected [https://www.infogix.com/solutions/regulatory-compliance/] but found [https://www.infogix.com/building-data-trust-throughbuilding-successful-data-governance/]]]>
            </message>
            <full-stacktrace>
              <![CDATA[java.lang.AssertionError: expected [https://www.infogix.com/solutions/regulatory-compliance/] but found [https://www.infogix.com/building-data-trust-throughbuilding-successful-data-governance/]
at org.testng.Assert.fail(Assert.java:96)
at org.testng.Assert.failNotEquals(Assert.java:776)
at org.testng.Assert.assertEqualsImpl(Assert.java:137)
at org.testng.Assert.assertEquals(Assert.java:118)
at org.testng.Assert.assertEquals(Assert.java:453)
at org.testng.Assert.assertEquals(Assert.java:463)
at example.example.tests.SearchTest.searchValTest(SearchTest.java:32)
at java.base/jdk.internal.reflect.NativeMethodAccessorImpl.invoke0(Native Method)
at java.base/jdk.internal.reflect.NativeMethodAccessorImpl.invoke(NativeMethodAccessorImpl.java:62)
at java.base/jdk.internal.reflect.DelegatingMethodAccessorImpl.invoke(DelegatingMethodAccessorImpl.java:43)
at java.base/java.lang.reflect.Method.invoke(Method.java:564)
at org.testng.internal.MethodInvocationHelper.invokeMethod(MethodInvocationHelper.java:124)
at org.testng.internal.Invoker.invokeMethod(Invoker.java:583)
at org.testng.internal.Invoker.invokeTestMethod(Invoker.java:719)
at org.testng.internal.Invoker.invokeTestMethods(Invoker.java:989)
at org.testng.internal.TestMethodWorker.invokeTestMethods(TestMethodWorker.java:125)
at org.testng.internal.TestMethodWorker.run(TestMethodWorker.java:109)
at org.testng.TestRunner.privateRun(TestRunner.java:648)
at org.testng.TestRunner.run(TestRunner.java:505)
at org.testng.SuiteRunner.runTest(SuiteRunner.java:455)
at org.testng.SuiteRunner.runSequentially(SuiteRunner.java:450)
at org.testng.SuiteRunner.privateRun(SuiteRunner.java:415)
at org.testng.SuiteRunner.run(SuiteRunner.java:364)
at org.testng.SuiteRunnerWorker.runSuite(SuiteRunnerWorker.java:52)
at org.testng.SuiteRunnerWorker.run(SuiteRunnerWorker.java:84)
at org.testng.TestNG.runSuitesSequentially(TestNG.java:1208)
at org.testng.TestNG.runSuitesLocally(TestNG.java:1137)
at org.testng.TestNG.runSuites(TestNG.java:1049)
at org.testng.TestNG.run(TestNG.java:1017)
at org.testng.remote.AbstractRemoteTestNG.run(AbstractRemoteTestNG.java:115)
at org.testng.remote.RemoteTestNG.initAndRun(RemoteTestNG.java:251)
at org.testng.remote.RemoteTestNG.main(RemoteTestNG.java:77)
]]>
            </full-stacktrace>
          </exception> <!-- java.lang.AssertionError -->
          <reporter-output>
          </reporter-output>
        </test-method> <!-- searchValTest -->
      </class> <!-- example.example.tests.SearchTest -->
      <class name="example.example.tests.ContactPageTest">
        <test-method is-config="true" signature="globalSetup()[pri:0, instance:example.example.tests.ContactPageTest@449a4f23]" started-at="2021-08-21T23:54:54Z" name="globalSetup" test-instance-name="Facebook login test" finished-at="2021-08-21T23:54:54Z" duration-ms="122" status="PASS">
          <reporter-output>
          </reporter-output>
        </test-method> <!-- globalSetup -->
        <test-method is-config="true" signature="setup()[pri:0, instance:example.example.tests.ContactPageTest@449a4f23]" started-at="2021-08-21T23:54:54Z" name="setup" test-instance-name="Facebook login test" finished-at="2021-08-21T23:54:57Z" duration-ms="2237" status="PASS">
          <reporter-output>
          </reporter-output>
        </test-method> <!-- setup -->
        <test-method signature="contactFormTest()[pri:0, instance:example.example.tests.ContactPageTest@449a4f23]" started-at="2021-08-21T23:54:57Z" name="contactFormTest" description="Facebook login test" test-instance-name="Facebook login test" finished-at="2021-08-21T23:55:08Z" duration-ms="10844" status="PASS">
          <reporter-output>
          </reporter-output>
        </test-method> <!-- contactFormTest -->
        <test-method is-config="true" signature="wrapAllUp(org.testng.ITestContext)[pri:0, instance:example.example.tests.ContactPageTest@449a4f23]" started-at="2021-08-21T23:55:18Z" name="wrapAllUp" test-instance-name="Facebook login test" finished-at="2021-08-21T23:55:18Z" duration-ms="3" status="PASS">
          <params>
            <param index="0">
              <value>
                <![CDATA[org.testng.TestRunner@5df778c3]]>
              </value>
            </param>
          </params>
          <reporter-output>
          </reporter-output>
        </test-method> <!-- wrapAllUp -->
      </class> <!-- example.example.tests.ContactPageTest -->
    </test> <!-- Test -->
  </suite> <!-- Suite -->
</testng-results>
