<?xml version="1.0" encoding="UTF-8"?>
<!-- Generated by org.testng.reporters.JUnitXMLReporter -->
<testsuite ignored="2" hostname="Joseph" failures="1" tests="2" name="Test" time="23.451" errors="0" timestamp="21 Aug 2021 23:55:18 GMT">
  <testcase classname="example.example.tests.ContactPageTest" name="Facebook login test" time="10.844"/>
  <testcase classname="example.example.tests.SearchTest" name="URL Validate" time="7.658">
    <failure type="java.lang.AssertionError" message="expected [https://www.infogix.com/solutions/regulatory-compliance/] but found [https://www.infogix.com/building-data-trust-throughbuilding-successful-data-governance/]">
      <![CDATA[java.lang.AssertionError: expected [https://www.infogix.com/solutions/regulatory-compliance/] but found [https://www.infogix.com/building-data-trust-throughbuilding-successful-data-governance/]
at example.example.tests.SearchTest.searchValTest(SearchTest.java:32)
... Removed 31 stack frames]]>
    </failure>
  </testcase> <!-- URL Validate -->
  <testcase classname="example.example.tests.BaseTest" name="@AfterSuite wrapAllUp" time="0.0">
    <ignored/>
  </testcase> <!-- @AfterSuite wrapAllUp -->
  <testcase classname="example.example.tests.BaseTest" name="@BeforeSuite globalSetup" time="0.0">
    <ignored/>
  </testcase> <!-- @BeforeSuite globalSetup -->
</testsuite> <!-- Test -->
